2024-12-16 01:36:26,858 INFO s.S.ImportController [JavaFX Application Thread] Открытие нового окна
2024-12-16 01:36:26,957 INFO s.S.DatabaseHandler [JavaFX Application Thread] Запрос списка групп
2024-12-16 01:36:26,957 INFO s.S.DatabaseHandler [JavaFX Application Thread] Создание подключения к базе данных
2024-12-16 01:36:27,106 INFO s.S.DatabaseHandler [JavaFX Application Thread] Запрос списка практических работ
2024-12-16 01:36:27,106 INFO s.S.DatabaseHandler [JavaFX Application Thread] Создание подключения к базе данных
2024-12-16 01:36:27,129 INFO s.S.DatabaseHandler [JavaFX Application Thread] Запрос списка занятий
2024-12-16 01:36:27,129 INFO s.S.DatabaseHandler [JavaFX Application Thread] Создание подключения к базе данных
2024-12-16 01:36:28,602 INFO s.S.GradesController [JavaFX Application Thread] Открытие нового окна
2024-12-16 01:40:10,583 INFO s.S.ImportController [JavaFX Application Thread] Открытие нового окна
2024-12-16 01:40:10,605 INFO s.S.DatabaseHandler [JavaFX Application Thread] Запрос списка групп
2024-12-16 01:40:10,605 INFO s.S.DatabaseHandler [JavaFX Application Thread] Создание подключения к базе данных
2024-12-16 01:40:10,698 INFO s.S.DatabaseHandler [JavaFX Application Thread] Запрос списка практических работ
2024-12-16 01:40:10,699 INFO s.S.DatabaseHandler [JavaFX Application Thread] Создание подключения к базе данных
2024-12-16 01:40:10,717 INFO s.S.DatabaseHandler [JavaFX Application Thread] Запрос списка занятий
2024-12-16 01:40:10,717 INFO s.S.DatabaseHandler [JavaFX Application Thread] Создание подключения к базе данных
2024-12-16 01:41:07,386 INFO s.S.DatabaseHandler [JavaFX Application Thread] Запрос списка студентов
2024-12-16 01:41:07,388 INFO s.S.DatabaseHandler [JavaFX Application Thread] Создание подключения к базе данных
2024-12-16 01:57:58,111 INFO s.S.GradesController [JavaFX Application Thread] Открытие нового окна
2024-12-16 01:57:58,131 INFO s.S.DatabaseHandler [JavaFX Application Thread] Запрос списка групп
2024-12-16 01:57:58,131 INFO s.S.DatabaseHandler [JavaFX Application Thread] Создание подключения к базе данных
2024-12-16 01:58:00,277 INFO s.S.DatabaseHandler [JavaFX Application Thread] Запрос списка студентов
2024-12-16 01:58:00,278 INFO s.S.DatabaseHandler [JavaFX Application Thread] Создание подключения к базе данных
2024-12-16 01:58:00,313 INFO s.S.DatabaseHandler [JavaFX Application Thread] Запрос списка практических работ
2024-12-16 01:58:00,313 INFO s.S.DatabaseHandler [JavaFX Application Thread] Создание подключения к базе данных
2024-12-16 01:58:00,329 INFO s.S.DatabaseHandler [JavaFX Application Thread] Запрос списка занятий
2024-12-16 01:58:00,329 INFO s.S.DatabaseHandler [JavaFX Application Thread] Создание подключения к базе данных
2024-12-16 01:58:00,346 INFO s.S.DatabaseHandler [JavaFX Application Thread] Запрос списка студентов
2024-12-16 01:58:00,347 INFO s.S.DatabaseHandler [JavaFX Application Thread] Создание подключения к базе данных
2024-12-16 01:58:00,361 INFO s.S.DatabaseHandler [JavaFX Application Thread] Запрос списка оценок
2024-12-16 01:58:00,361 INFO s.S.DatabaseHandler [JavaFX Application Thread] Создание подключения к базе данных
2024-12-16 01:58:00,380 INFO s.S.DatabaseHandler [JavaFX Application Thread] Запрос списка занятий ученика
2024-12-16 01:58:00,380 INFO s.S.DatabaseHandler [JavaFX Application Thread] Создание подключения к базе данных
2024-12-16 01:58:00,393 INFO s.S.DatabaseHandler [JavaFX Application Thread] Запрос списка оценок
2024-12-16 01:58:00,393 INFO s.S.DatabaseHandler [JavaFX Application Thread] Создание подключения к базе данных
2024-12-16 01:58:00,405 INFO s.S.DatabaseHandler [JavaFX Application Thread] Запрос списка занятий ученика
2024-12-16 01:58:00,405 INFO s.S.DatabaseHandler [JavaFX Application Thread] Создание подключения к базе данных
2024-12-16 02:02:35,044 INFO s.S.StatisticsController [JavaFX Application Thread] Открытие нового окна
2024-12-16 02:02:35,062 INFO s.S.DatabaseHandler [JavaFX Application Thread] Запрос списка групп
2024-12-16 02:02:35,062 INFO s.S.DatabaseHandler [JavaFX Application Thread] Создание подключения к базе данных
2024-12-16 02:02:35,184 INFO s.S.DatabaseHandler [JavaFX Application Thread] Запрос списка практических работ
2024-12-16 02:02:35,184 INFO s.S.DatabaseHandler [JavaFX Application Thread] Создание подключения к базе данных
2024-12-16 02:02:35,203 INFO s.S.DatabaseHandler [JavaFX Application Thread] Запрос списка занятий
2024-12-16 02:02:35,203 INFO s.S.DatabaseHandler [JavaFX Application Thread] Создание подключения к базе данных
2024-12-16 03:23:27,826 INFO s.S.MainApplication [JavaFX Application Thread] Загрузка начального окна
2024-12-16 03:24:44,485 INFO s.S.MainApplication [JavaFX Application Thread] Загрузка начального окна
